<?xml version="1.0" encoding="UTF-8"?>
<!-- Generated by org.testng.reporters.JUnitXMLReporter -->
<testsuite ignored="0" hostname="LAPTOP-9NEKRPJL" failures="0" tests="0" time="0.255" errors="0" timestamp="2022-06-06T01:18:03 IST">
  <testcase classname="com.mindtree.TestCases.BaseClass" name="@AfterTest tearDown" time="0.008">
    <failure type="java.lang.NullPointerException" message="Cannot invoke &amp;quot;org.openqa.selenium.WebDriver.quit()&amp;quot; because &amp;quot;com.mindtree.TestCases.BaseClass.driver&amp;quot; is null">
      <![CDATA[java.lang.NullPointerException: Cannot invoke "org.openqa.selenium.WebDriver.quit()" because "com.mindtree.TestCases.BaseClass.driver" is null
at com.mindtree.TestCases.BaseClass.tearDown(BaseClass.java:47)
... Removed 24 stack frames]]>
    </failure>
  </testcase> <!-- @AfterTest tearDown -->
</testsuite>
